<?xml version="1.0" encoding="UTF-8"?>
<!-- Generated by org.testng.reporters.JUnitReportReporter -->
<testsuite skipped="0" hostname="L-000855" name="test.login.LoginFail1" tests="1" failures="0" timestamp="8 Aug 2016 08:02:47 GMT" time="7.998" errors="0">
  <testcase name="f" time="7.998" classname="test.login.LoginFail1"/>
</testsuite> <!-- test.login.LoginFail1 -->
