<?xml version="1.0" encoding="UTF-8"?>
<!-- Generated by org.testng.reporters.JUnitReportReporter -->
<testsuite skipped="1" hostname="L-000855" name="test.TestJedan" tests="1" failures="0" timestamp="5 Aug 2016 07:54:57 GMT" time="0.002" errors="0">
  <testcase name="f" time="0.002" classname="test.TestJedan">
    <skipped/>
  </testcase> <!-- f -->
</testsuite> <!-- test.TestJedan -->
