<?xml version="1.0" encoding="UTF-8"?>
<!-- Generated by org.testng.reporters.JUnitReportReporter -->
<testsuite skipped="2" hostname="L-000855" name="test1.DomaciTest1" tests="2" failures="0" timestamp="15 Aug 2016 07:47:47 GMT" time="0.002" errors="0">
  <testcase name="test" time="0.000" classname="test1.DomaciTest1">
    <skipped/>
  </testcase> <!-- test -->
  <testcase name="test1" time="0.002" classname="test1.DomaciTest1">
    <skipped/>
  </testcase> <!-- test1 -->
</testsuite> <!-- test1.DomaciTest1 -->
