<?xml version="1.0" encoding="UTF-8"?>
<!-- Generated by org.testng.reporters.JUnitReportReporter -->
<testsuite skipped="0" hostname="L-000855" name="test.login.Login" tests="1" failures="0" timestamp="5 Aug 2016 11:51:05 GMT" time="10.102" errors="0">
  <testcase name="f" time="10.102" classname="test.login.Login"/>
</testsuite> <!-- test.login.Login -->
