<?xml version="1.0" encoding="UTF-8"?>
<!-- Generated by org.testng.reporters.JUnitReportReporter -->
<testsuite skipped="2" hostname="L-000855" name="test1.MyAccountTest" tests="2" failures="0" timestamp="15 Aug 2016 08:10:29 GMT" time="0.003" errors="0">
  <testcase name="verifyArea" time="0.003" classname="test1.MyAccountTest">
    <skipped/>
  </testcase> <!-- verifyArea -->
  <testcase name="verifyProfileAccount" time="0.000" classname="test1.MyAccountTest">
    <skipped/>
  </testcase> <!-- verifyProfileAccount -->
</testsuite> <!-- test1.MyAccountTest -->
