<?xml version="1.0" encoding="UTF-8"?>
<!-- Generated by org.testng.reporters.JUnitReportReporter -->
<testsuite skipped="0" hostname="L-000855" name="test.login.Login" tests="1" failures="0" timestamp="8 Aug 2016 07:46:30 GMT" time="9.403" errors="0">
  <testcase name="f" time="9.403" classname="test.login.Login"/>
</testsuite> <!-- test.login.Login -->
