<?xml version="1.0" encoding="UTF-8"?>
<!-- Generated by org.testng.reporters.JUnitReportReporter -->
<testsuite skipped="0" hostname="L-000855" name="test.login.LoginFail2" tests="1" failures="0" timestamp="8 Aug 2016 08:23:55 GMT" time="8.212" errors="0">
  <testcase name="f" time="8.212" classname="test.login.LoginFail2"/>
</testsuite> <!-- test.login.LoginFail2 -->
