<?xml version="1.0" encoding="UTF-8"?>
<!-- Generated by org.testng.reporters.JUnitReportReporter -->
<testsuite skipped="1" hostname="L-000855" name="test1.DescriptionTest" tests="1" failures="0" timestamp="15 Aug 2016 08:00:45 GMT" time="0.003" errors="0">
  <testcase name="descriptionCheck" time="0.003" classname="test1.DescriptionTest">
    <skipped/>
  </testcase> <!-- descriptionCheck -->
</testsuite> <!-- test1.DescriptionTest -->
