<?xml version="1.0" encoding="UTF-8"?>
<!-- Generated by org.testng.reporters.JUnitReportReporter -->
<testsuite skipped="1" hostname="L-000855" name="test.login.CheckBoxFunctionality" tests="1" failures="0" timestamp="15 Aug 2016 08:12:30 GMT" time="0.002" errors="0">
  <testcase name="login" time="0.002" classname="test.login.CheckBoxFunctionality">
    <skipped/>
  </testcase> <!-- login -->
</testsuite> <!-- test.login.CheckBoxFunctionality -->
