<?xml version="1.0" encoding="UTF-8"?>
<!-- Generated by org.testng.reporters.JUnitReportReporter -->
<testsuite skipped="1" hostname="L-000855" name="test.login.Login" tests="1" failures="0" timestamp="10 Aug 2016 15:26:46 GMT" time="0.004" errors="0">
  <testcase name="f" time="0.004" classname="test.login.Login">
    <skipped/>
  </testcase> <!-- f -->
</testsuite> <!-- test.login.Login -->
